<?xml version="1.0" encoding="UTF-8"?>
<testng-results skipped="0" failed="0" ignored="0" total="1" passed="1">
  <reporter-output>
  </reporter-output>
  <suite name="test.MainTest" duration-ms="69156" started-at="2019-06-24T08:38:45Z" finished-at="2019-06-24T08:39:55Z">
    <groups>
    </groups>
    <test name="Command line test" duration-ms="69156" started-at="2019-06-24T08:38:45Z" finished-at="2019-06-24T08:39:55Z">
      <class name="test.MainTest">
        <test-method status="PASS" signature="startBrowser()[pri:0, instance:test.MainTest@2ef9b8bc]" name="startBrowser" is-config="true" duration-ms="8867" started-at="2019-06-24T08:38:45Z" finished-at="2019-06-24T08:38:54Z">
          <reporter-output>
          </reporter-output>
        </test-method> <!-- startBrowser -->
        <test-method status="PASS" signature="sendPackage()[pri:2, instance:test.MainTest@2ef9b8bc]" name="sendPackage" duration-ms="60266" started-at="2019-06-24T08:38:54Z" finished-at="2019-06-24T08:39:55Z">
          <reporter-output>
          </reporter-output>
        </test-method> <!-- sendPackage -->
      </class> <!-- test.MainTest -->
    </test> <!-- Command line test -->
  </suite> <!-- test.MainTest -->
</testng-results>
